<?xml version="1.0" encoding="UTF-8"?>
<testsuite name="hello.core.autowired.AutowiredTest" tests="1" skipped="0" failures="0" errors="0" timestamp="2024-06-29T05:00:32" hostname="nam-yunchan-ui-MacBookPro.local" time="0.007">
  <properties/>
  <testcase name="autowiredTest()" classname="hello.core.autowired.AutowiredTest" time="0.007"/>
  <system-out><![CDATA[noBean2 = null
noBean3 = Optional.empty
]]></system-out>
  <system-err><![CDATA[]]></system-err>
</testsuite>
