<?xml version="1.0" encoding="UTF-8"?>
<testsuite name="hello.core.beanfind.ApplicationContextBasicFindTest" tests="4" skipped="0" failures="0" errors="0" timestamp="2024-06-29T05:27:48" hostname="nam-yunchan-ui-MacBookPro.local" time="0.027">
  <properties/>
  <testcase name="구체 타입으로 조회" classname="hello.core.beanfind.ApplicationContextBasicFindTest" time="0.017"/>
  <testcase name="빈 이름으로 조회X" classname="hello.core.beanfind.ApplicationContextBasicFindTest" time="0.001"/>
  <testcase name="빈 이름으로 조회" classname="hello.core.beanfind.ApplicationContextBasicFindTest" time="0.0"/>
  <testcase name="이름 없이 타입으로만 조회" classname="hello.core.beanfind.ApplicationContextBasicFindTest" time="0.0"/>
  <system-out><![CDATA[AppConfig.memberService
AppConfig.memberRepository
AppConfig.orderService
AppConfig.memberService
AppConfig.memberRepository
AppConfig.orderService
AppConfig.memberService
AppConfig.memberRepository
AppConfig.orderService
AppConfig.memberService
AppConfig.memberRepository
AppConfig.orderService
]]></system-out>
  <system-err><![CDATA[]]></system-err>
</testsuite>
