<?xml version="1.0" encoding="UTF-8"?>
<testsuite name="hello.core.singleton.ConfigurationSingletonTest" tests="2" skipped="0" failures="0" errors="0" timestamp="2024-06-29T05:27:48" hostname="nam-yunchan-ui-MacBookPro.local" time="0.006">
  <properties/>
  <testcase name="configurationDeep()" classname="hello.core.singleton.ConfigurationSingletonTest" time="0.004"/>
  <testcase name="configurationTest()" classname="hello.core.singleton.ConfigurationSingletonTest" time="0.002"/>
  <system-out><![CDATA[AppConfig.memberService
AppConfig.memberRepository
AppConfig.orderService
bean = class hello.core.AppConfig$$SpringCGLIB$$0
AppConfig.memberService
AppConfig.memberRepository
AppConfig.orderService
memberService -> memberRepository = hello.core.member.MemoryMemberRepository@73e776b7
orderService -> memberRepository = hello.core.member.MemoryMemberRepository@73e776b7
memberRepository = hello.core.member.MemoryMemberRepository@73e776b7
]]></system-out>
  <system-err><![CDATA[]]></system-err>
</testsuite>
