<?xml version="1.0" encoding="UTF-8"?>
<testsuite name="hello.core.singleton.ConfigurationSingletonTest" tests="1" skipped="0" failures="0" errors="0" timestamp="2024-05-26T15:19:31" hostname="CLZLD" time="0.539">
  <properties/>
  <testcase name="configurationDeep()" classname="hello.core.singleton.ConfigurationSingletonTest" time="0.539"/>
  <system-out><![CDATA[AppConfig.memberService
AppConfig.memberRepository
AppConfig.orderService
bean = class hello.core.AppConfig$$SpringCGLIB$$0
]]></system-out>
  <system-err><![CDATA[]]></system-err>
</testsuite>
