<?xml version="1.0" encoding="UTF-8"?>
<testsuite name="hello.core.singleton.StatefulServiceTest" tests="1" skipped="0" failures="0" errors="0" timestamp="2024-06-29T05:27:48" hostname="nam-yunchan-ui-MacBookPro.local" time="0.004">
  <properties/>
  <testcase name="statefulServiceSingleton()" classname="hello.core.singleton.StatefulServiceTest" time="0.004"/>
  <system-out><![CDATA[name = userA, price = 10000
name = userB, price = 20000
price = 20000
]]></system-out>
  <system-err><![CDATA[]]></system-err>
</testsuite>
